Traceback (most recent call last):
  File "/Users/mriki/workspace/prpy/.venv/lib/python3.11/site-packages/jupyter_cache/executors/utils.py", line 58, in single_nb_execution
    executenb(
  File "/Users/mriki/workspace/prpy/.venv/lib/python3.11/site-packages/nbclient/client.py", line 1314, in execute
    return NotebookClient(nb=nb, resources=resources, km=km, **kwargs).execute()
           ^^^^^^^^^^^^^^^^^^^^^^^^^^^^^^^^^^^^^^^^^^^^^^^^^^^^^^^^^^^^^^^^^^^^^
  File "/Users/mriki/workspace/prpy/.venv/lib/python3.11/site-packages/jupyter_core/utils/__init__.py", line 165, in wrapped
    return loop.run_until_complete(inner)
           ^^^^^^^^^^^^^^^^^^^^^^^^^^^^^^
  File "/Users/mriki/.rye/py/cpython@3.11.8/lib/python3.11/asyncio/base_events.py", line 654, in run_until_complete
    return future.result()
           ^^^^^^^^^^^^^^^
  File "/Users/mriki/workspace/prpy/.venv/lib/python3.11/site-packages/nbclient/client.py", line 709, in async_execute
    await self.async_execute_cell(
  File "/Users/mriki/workspace/prpy/.venv/lib/python3.11/site-packages/nbclient/client.py", line 1062, in async_execute_cell
    await self._check_raise_for_error(cell, cell_index, exec_reply)
  File "/Users/mriki/workspace/prpy/.venv/lib/python3.11/site-packages/nbclient/client.py", line 918, in _check_raise_for_error
    raise CellExecutionError.from_cell_and_msg(cell, exec_reply_content)
nbclient.exceptions.CellExecutionError: An error occurred while executing the following cell:
------------------
import numpy as np 
import pandas as pd 

import plotly.express as px
from plotly.subplots import make_subplots
import plotly.figure_factory as ff
import plotly.graph_objects as go
import plotly.io as pio

import warnings
warnings.filterwarnings('ignore')
------------------


[0;31m---------------------------------------------------------------------------[0m
[0;31mKeyboardInterrupt[0m                         Traceback (most recent call last)
Cell [0;32mIn[1], line 6[0m
[1;32m      4[0m [38;5;28;01mimport[39;00m [38;5;21;01mplotly[39;00m[38;5;21;01m.[39;00m[38;5;21;01mexpress[39;00m [38;5;28;01mas[39;00m [38;5;21;01mpx[39;00m
[1;32m      5[0m [38;5;28;01mfrom[39;00m [38;5;21;01mplotly[39;00m[38;5;21;01m.[39;00m[38;5;21;01msubplots[39;00m [38;5;28;01mimport[39;00m make_subplots
[0;32m----> 6[0m [38;5;28;01mimport[39;00m [38;5;21;01mplotly[39;00m[38;5;21;01m.[39;00m[38;5;21;01mfigure_factory[39;00m [38;5;28;01mas[39;00m [38;5;21;01mff[39;00m
[1;32m      7[0m [38;5;28;01mimport[39;00m [38;5;21;01mplotly[39;00m[38;5;21;01m.[39;00m[38;5;21;01mgraph_objects[39;00m [38;5;28;01mas[39;00m [38;5;21;01mgo[39;00m
[1;32m      8[0m [38;5;28;01mimport[39;00m [38;5;21;01mplotly[39;00m[38;5;21;01m.[39;00m[38;5;21;01mio[39;00m [38;5;28;01mas[39;00m [38;5;21;01mpio[39;00m

File [0;32m~/workspace/prpy/.venv/lib/python3.11/site-packages/plotly/figure_factory/__init__.py:12[0m
[1;32m      5[0m [38;5;28;01mif[39;00m np [38;5;129;01mis[39;00m [38;5;28;01mNone[39;00m:
[1;32m      6[0m     [38;5;28;01mraise[39;00m [38;5;167;01mImportError[39;00m(
[1;32m      7[0m [38;5;250m        [39m[38;5;124;03m"""\[39;00m
[1;32m      8[0m [38;5;124;03mThe figure factory module requires the numpy package"""[39;00m
[1;32m      9[0m     )
[0;32m---> 12[0m [38;5;28;01mfrom[39;00m [38;5;21;01mplotly[39;00m[38;5;21;01m.[39;00m[38;5;21;01mfigure_factory[39;00m[38;5;21;01m.[39;00m[38;5;21;01m_2d_density[39;00m [38;5;28;01mimport[39;00m create_2d_density
[1;32m     13[0m [38;5;28;01mfrom[39;00m [38;5;21;01mplotly[39;00m[38;5;21;01m.[39;00m[38;5;21;01mfigure_factory[39;00m[38;5;21;01m.[39;00m[38;5;21;01m_annotated_heatmap[39;00m [38;5;28;01mimport[39;00m create_annotated_heatmap
[1;32m     14[0m [38;5;28;01mfrom[39;00m [38;5;21;01mplotly[39;00m[38;5;21;01m.[39;00m[38;5;21;01mfigure_factory[39;00m[38;5;21;01m.[39;00m[38;5;21;01m_bullet[39;00m [38;5;28;01mimport[39;00m create_bullet

File [0;32m~/workspace/prpy/.venv/lib/python3.11/site-packages/plotly/figure_factory/_2d_density.py:6[0m
[1;32m      3[0m [38;5;28;01mimport[39;00m [38;5;21;01mplotly[39;00m[38;5;21;01m.[39;00m[38;5;21;01mexceptions[39;00m
[1;32m      5[0m [38;5;28;01mimport[39;00m [38;5;21;01mplotly[39;00m[38;5;21;01m.[39;00m[38;5;21;01mcolors[39;00m [38;5;28;01mas[39;00m [38;5;21;01mclrs[39;00m
[0;32m----> 6[0m [38;5;28;01mfrom[39;00m [38;5;21;01mplotly[39;00m[38;5;21;01m.[39;00m[38;5;21;01mgraph_objs[39;00m [38;5;28;01mimport[39;00m graph_objs
[1;32m      9[0m [38;5;28;01mdef[39;00m [38;5;21mmake_linear_colorscale[39m(colors):
[1;32m     10[0m [38;5;250m    [39m[38;5;124;03m"""[39;00m
[1;32m     11[0m [38;5;124;03m    Makes a list of colors into a colorscale-acceptable form[39;00m
[1;32m     12[0m 
[1;32m     13[0m [38;5;124;03m    For documentation regarding to the form of the output, see[39;00m
[1;32m     14[0m [38;5;124;03m    https://plot.ly/python/reference/#mesh3d-colorscale[39;00m
[1;32m     15[0m [38;5;124;03m    """[39;00m

File [0;32m~/workspace/prpy/.venv/lib/python3.11/site-packages/plotly/graph_objs/graph_objs.py:1[0m
[0;32m----> 1[0m [38;5;28;01mfrom[39;00m [38;5;21;01mplotly[39;00m[38;5;21;01m.[39;00m[38;5;21;01mgraph_objs[39;00m [38;5;28;01mimport[39;00m [38;5;241m*[39m

File [0;32m<frozen importlib._bootstrap>:1227[0m, in [0;36m_handle_fromlist[0;34m(module, fromlist, import_, recursive)[0m

File [0;32m<frozen importlib._bootstrap>:1229[0m, in [0;36m_handle_fromlist[0;34m(module, fromlist, import_, recursive)[0m

File [0;32m~/workspace/prpy/.venv/lib/python3.11/site-packages/plotly/graph_objs/__init__.py:285[0m, in [0;36m__getattr__[0;34m(import_name)[0m
[1;32m    283[0m [38;5;28;01mif[39;00m import_name [38;5;241m==[39m [38;5;124m"[39m[38;5;124mFigureWidget[39m[38;5;124m"[39m:
[1;32m    284[0m     [38;5;28;01mtry[39;00m:
[0;32m--> 285[0m         [38;5;28;01mimport[39;00m [38;5;21;01mipywidgets[39;00m
[1;32m    286[0m         [38;5;28;01mfrom[39;00m [38;5;21;01mpackaging[39;00m[38;5;21;01m.[39;00m[38;5;21;01mversion[39;00m [38;5;28;01mimport[39;00m Version
[1;32m    288[0m         [38;5;28;01mif[39;00m Version(ipywidgets[38;5;241m.[39m__version__) [38;5;241m>[39m[38;5;241m=[39m Version([38;5;124m"[39m[38;5;124m7.0.0[39m[38;5;124m"[39m):

File [0;32m~/workspace/prpy/.venv/lib/python3.11/site-packages/ipywidgets/__init__.py:29[0m
[1;32m     26[0m [38;5;28;01mfrom[39;00m [38;5;21;01mtraitlets[39;00m [38;5;28;01mimport[39;00m link, dlink
[1;32m     27[0m [38;5;28;01mfrom[39;00m [38;5;21;01mIPython[39;00m [38;5;28;01mimport[39;00m get_ipython
[0;32m---> 29[0m [38;5;28;01mfrom[39;00m [38;5;21;01m.[39;00m[38;5;21;01mwidgets[39;00m [38;5;28;01mimport[39;00m [38;5;241m*[39m
[1;32m     32[0m [38;5;28;01mdef[39;00m [38;5;21mload_ipython_extension[39m(ip):
[1;32m     33[0m [38;5;250m    [39m[38;5;124;03m"""Set up Jupyter to work with widgets"""[39;00m

File [0;32m~/workspace/prpy/.venv/lib/python3.11/site-packages/ipywidgets/widgets/__init__.py:4[0m
[1;32m      1[0m [38;5;66;03m# Copyright (c) Jupyter Development Team.[39;00m
[1;32m      2[0m [38;5;66;03m# Distributed under the terms of the Modified BSD License.[39;00m
[0;32m----> 4[0m [38;5;28;01mfrom[39;00m [38;5;21;01m.[39;00m[38;5;21;01mwidget[39;00m [38;5;28;01mimport[39;00m Widget, CallbackDispatcher, register, widget_serialization
[1;32m      5[0m [38;5;28;01mfrom[39;00m [38;5;21;01m.[39;00m[38;5;21;01mdomwidget[39;00m [38;5;28;01mimport[39;00m DOMWidget
[1;32m      6[0m [38;5;28;01mfrom[39;00m [38;5;21;01m.[39;00m[38;5;21;01mvaluewidget[39;00m [38;5;28;01mimport[39;00m ValueWidget

File [0;32m~/workspace/prpy/.venv/lib/python3.11/site-packages/ipywidgets/widgets/widget.py:18[0m
[1;32m     14[0m [38;5;28;01mfrom[39;00m [38;5;21;01mtraitlets[39;00m [38;5;28;01mimport[39;00m (
[1;32m     15[0m     Any, HasTraits, Unicode, Dict, Instance, List, Int, Set, Bytes, observe, default, Container,
[1;32m     16[0m     Undefined)
[1;32m     17[0m [38;5;28;01mfrom[39;00m [38;5;21;01mjson[39;00m [38;5;28;01mimport[39;00m loads [38;5;28;01mas[39;00m jsonloads, dumps [38;5;28;01mas[39;00m jsondumps
[0;32m---> 18[0m [38;5;28;01mfrom[39;00m [38;5;21;01m.[39;00m[38;5;21;01m.[39;00m [38;5;28;01mimport[39;00m comm
[1;32m     20[0m [38;5;28;01mfrom[39;00m [38;5;21;01mbase64[39;00m [38;5;28;01mimport[39;00m standard_b64encode
[1;32m     22[0m [38;5;28;01mfrom[39;00m [38;5;21;01m.[39;00m[38;5;21;01mutils[39;00m [38;5;28;01mimport[39;00m deprecation, _get_frame

File [0;32m<frozen importlib._bootstrap>:1176[0m, in [0;36m_find_and_load[0;34m(name, import_)[0m

File [0;32m<frozen importlib._bootstrap>:1147[0m, in [0;36m_find_and_load_unlocked[0;34m(name, import_)[0m

File [0;32m<frozen importlib._bootstrap>:690[0m, in [0;36m_load_unlocked[0;34m(spec)[0m

File [0;32m<frozen importlib._bootstrap_external>:936[0m, in [0;36mexec_module[0;34m(self, module)[0m

File [0;32m<frozen importlib._bootstrap_external>:1032[0m, in [0;36mget_code[0;34m(self, fullname)[0m

File [0;32m<frozen importlib._bootstrap_external>:1130[0m, in [0;36mget_data[0;34m(self, path)[0m

[0;31mKeyboardInterrupt[0m: 

