Traceback (most recent call last):
  File "/Users/mriki/workspace/prpy/.venv/lib/python3.11/site-packages/jupyter_cache/executors/utils.py", line 58, in single_nb_execution
    executenb(
  File "/Users/mriki/workspace/prpy/.venv/lib/python3.11/site-packages/nbclient/client.py", line 1314, in execute
    return NotebookClient(nb=nb, resources=resources, km=km, **kwargs).execute()
           ^^^^^^^^^^^^^^^^^^^^^^^^^^^^^^^^^^^^^^^^^^^^^^^^^^^^^^^^^^^^^^^^^^^^^
  File "/Users/mriki/workspace/prpy/.venv/lib/python3.11/site-packages/jupyter_core/utils/__init__.py", line 165, in wrapped
    return loop.run_until_complete(inner)
           ^^^^^^^^^^^^^^^^^^^^^^^^^^^^^^
  File "/Users/mriki/.rye/py/cpython@3.11.8/lib/python3.11/asyncio/base_events.py", line 654, in run_until_complete
    return future.result()
           ^^^^^^^^^^^^^^^
  File "/Users/mriki/workspace/prpy/.venv/lib/python3.11/site-packages/nbclient/client.py", line 709, in async_execute
    await self.async_execute_cell(
  File "/Users/mriki/workspace/prpy/.venv/lib/python3.11/site-packages/nbclient/client.py", line 1062, in async_execute_cell
    await self._check_raise_for_error(cell, cell_index, exec_reply)
  File "/Users/mriki/workspace/prpy/.venv/lib/python3.11/site-packages/nbclient/client.py", line 918, in _check_raise_for_error
    raise CellExecutionError.from_cell_and_msg(cell, exec_reply_content)
nbclient.exceptions.CellExecutionError: An error occurred while executing the following cell:
------------------
# 訓練しないで予測しようとした場合

data_container = knnに必要な情報をまとめたデータ構造(3)
pred_labels = 予測(data_container, X_test)
------------------


[0;31m---------------------------------------------------------------------------[0m
[0;31mAssertionError[0m                            Traceback (most recent call last)
Cell [0;32mIn[21], line 4[0m
[1;32m      1[0m [38;5;66;03m# 訓練しないで予測しようとした場合[39;00m
[1;32m      3[0m data_container [38;5;241m=[39m knnに必要な情報をまとめたデータ構造([38;5;241m3[39m)
[0;32m----> 4[0m pred_labels [38;5;241m=[39m [43m予測[49m[43m([49m[43mdata_container[49m[43m,[49m[43m [49m[43mX_test[49m[43m)[49m

Cell [0;32mIn[20], line 17[0m, in [0;36m予測[0;34m(必要情報, クラスを予測したいデータ)[0m
[1;32m     16[0m [38;5;28;01mdef[39;00m [38;5;21m予測[39m(必要情報, クラスを予測したいデータ):
[0;32m---> 17[0m     [38;5;28;01massert[39;00m 必要情報[38;5;241m.[39mis_fitted, [38;5;124m"[39m[38;5;124m先に訓練してから予測して下さい[39m[38;5;124m"[39m
[1;32m     18[0m     予測したクラスラベル [38;5;241m=[39m []
[1;32m     20[0m     [38;5;28;01mfor[39;00m (ループの回数, x) [38;5;129;01min[39;00m [38;5;28menumerate[39m(クラスを予測したいデータ):

[0;31mAssertionError[0m: 先に訓練してから予測して下さい

