Traceback (most recent call last):
  File "/Users/mriki/workspace/jupyterbook/.venv/lib/python3.8/site-packages/jupyter_cache/executors/utils.py", line 58, in single_nb_execution
    executenb(
  File "/Users/mriki/workspace/jupyterbook/.venv/lib/python3.8/site-packages/nbclient/client.py", line 1305, in execute
    return NotebookClient(nb=nb, resources=resources, km=km, **kwargs).execute()
  File "/Users/mriki/workspace/jupyterbook/.venv/lib/python3.8/site-packages/jupyter_core/utils/__init__.py", line 165, in wrapped
    return loop.run_until_complete(inner)
  File "/Users/mriki/.rye/py/cpython@3.8.18/lib/python3.8/asyncio/base_events.py", line 616, in run_until_complete
    return future.result()
  File "/Users/mriki/workspace/jupyterbook/.venv/lib/python3.8/site-packages/nbclient/client.py", line 705, in async_execute
    await self.async_execute_cell(
  File "/Users/mriki/workspace/jupyterbook/.venv/lib/python3.8/site-packages/nbclient/client.py", line 1058, in async_execute_cell
    await self._check_raise_for_error(cell, cell_index, exec_reply)
  File "/Users/mriki/workspace/jupyterbook/.venv/lib/python3.8/site-packages/nbclient/client.py", line 914, in _check_raise_for_error
    raise CellExecutionError.from_cell_and_msg(cell, exec_reply_content)
nbclient.exceptions.CellExecutionError: An error occurred while executing the following cell:
------------------
# packageã®import
from typing import Any, Union, Callable, Type, TypeVar
import numpy as np 
import numpy.typing as npt
import pandas as pd 
import matplotlib.pyplot as plt 
import plotly.express as px
import seaborn as sns
import matplotlib_fontja
import plotly.express as px 
import matplotlib.cm as cm
from matplotlib.animation import ArtistAnimation
from IPython.display import display, Markdown, HTML

plt.style.use("bmh")
------------------


[0;31m---------------------------------------------------------------------------[0m
[0;31mModuleNotFoundError[0m                       Traceback (most recent call last)
Cell [0;32mIn[1], line 3[0m
[1;32m      1[0m [38;5;66;03m# packageã®import[39;00m
[1;32m      2[0m [38;5;28;01mfrom[39;00m [38;5;21;01mtyping[39;00m [38;5;28;01mimport[39;00m Any, Union, Callable, Type, TypeVar
[0;32m----> 3[0m [38;5;28;01mimport[39;00m [38;5;21;01mnumpy[39;00m [38;5;28;01mas[39;00m [38;5;21;01mnp[39;00m 
[1;32m      4[0m [38;5;28;01mimport[39;00m [38;5;21;01mnumpy[39;00m[38;5;21;01m.[39;00m[38;5;21;01mtyping[39;00m [38;5;28;01mas[39;00m [38;5;21;01mnpt[39;00m
[1;32m      5[0m [38;5;28;01mimport[39;00m [38;5;21;01mpandas[39;00m [38;5;28;01mas[39;00m [38;5;21;01mpd[39;00m 

[0;31mModuleNotFoundError[0m: No module named 'numpy'

